2012-04-29 01:18:11 Notice: Notice (8): Undefined property: PostsController::$request in [/var/www/Desarroll/controllers/posts_controller.php, line 148]
2012-04-29 01:22:03 Notice: Notice (8): Undefined property: PostsController::$request in [/var/www/Desarroll/controllers/posts_controller.php, line 148]
2012-04-29 01:46:53 Notice: Notice (8): Undefined property: PostsController::$request in [/var/www/Desarroll/controllers/posts_controller.php, line 147]
2012-04-29 01:46:53 Notice: Notice (8): Trying to get property of non-object in [/var/www/Desarroll/controllers/posts_controller.php, line 147]
2012-04-29 01:46:53 Notice: Notice (8): Undefined property: PostsController::$request in [/var/www/Desarroll/controllers/posts_controller.php, line 148]
2012-05-01 07:41:27 Notice: Notice (8): Undefined index: nom in [/var/www/Desarroll/controllers/posts_controller.php, line 31]
2012-05-01 07:44:23 Notice: Notice (8): Undefined offset: 0 in [/var/www/Desarroll/controllers/posts_controller.php, line 31]
2012-05-01 07:44:23 Notice: Notice (8): Undefined offset: 0 in [/var/www/Desarroll/controllers/posts_controller.php, line 31]
2012-05-01 07:44:41 Notice: Notice (8): Undefined offset: 2 in [/var/www/Desarroll/controllers/posts_controller.php, line 31]
2012-05-01 07:44:41 Notice: Notice (8): Undefined offset: 2 in [/var/www/Desarroll/controllers/posts_controller.php, line 31]
2012-05-01 07:49:35 Notice: Notice (8): Undefined index: nom in [/var/www/Desarroll/controllers/posts_controller.php, line 31]
2012-05-01 07:49:35 Notice: Notice (8): Undefined index: nom in [/var/www/Desarroll/controllers/posts_controller.php, line 31]
2012-05-01 07:53:30 Notice: Notice (8): Undefined offset: 0 in [/var/www/Desarroll/controllers/posts_controller.php, line 31]
2012-05-01 07:53:30 Notice: Notice (8): Undefined offset: 0 in [/var/www/Desarroll/controllers/posts_controller.php, line 31]
2012-05-01 07:53:41 Notice: Notice (8): Undefined offset: 1 in [/var/www/Desarroll/controllers/posts_controller.php, line 31]
2012-05-01 07:53:41 Notice: Notice (8): Undefined offset: 1 in [/var/www/Desarroll/controllers/posts_controller.php, line 31]
2012-05-01 07:58:13 Notice: Notice (8): Undefined variable: _POSTs in [/var/www/Desarroll/controllers/posts_controller.php, line 31]
2012-05-01 07:58:13 Notice: Notice (8): Undefined variable: _POSTs in [/var/www/Desarroll/controllers/posts_controller.php, line 31]
2012-05-01 07:59:11 Notice: Notice (8): Undefined variable: _POSTs in [/var/www/Desarroll/controllers/posts_controller.php, line 32]
2012-05-01 07:59:11 Notice: Notice (8): Undefined variable: _POSTs in [/var/www/Desarroll/controllers/posts_controller.php, line 32]
2012-05-01 08:04:29 Notice: Notice (8): Undefined index: nom in [/var/www/Desarroll/controllers/posts_controller.php, line 32]
2012-05-01 08:04:29 Notice: Notice (8): Undefined index: nom in [/var/www/Desarroll/controllers/posts_controller.php, line 32]
2012-05-01 08:26:26 Notice: Notice (8): Undefined index: nom in [/var/www/Desarroll/controllers/posts_controller.php, line 32]
2012-05-01 08:26:26 Notice: Notice (8): Undefined index: nom in [/var/www/Desarroll/controllers/posts_controller.php, line 32]
2012-05-01 08:26:41 Notice: Notice (8): Undefined index: nom in [/var/www/Desarroll/controllers/posts_controller.php, line 32]
2012-05-01 08:26:41 Notice: Notice (8): Undefined index: nom in [/var/www/Desarroll/controllers/posts_controller.php, line 32]
2012-05-01 08:27:14 Notice: Notice (8): Undefined index: nom in [/var/www/Desarroll/controllers/posts_controller.php, line 32]
2012-05-01 08:27:14 Notice: Notice (8): Undefined index: nom in [/var/www/Desarroll/controllers/posts_controller.php, line 32]
2012-05-01 08:38:21 Notice: Notice (8): Undefined variable: reader in [/var/www/Desarroll/controllers/posts_controller.php, line 33]
2012-05-01 08:38:21 Notice: Notice (8): Undefined variable: reader in [/var/www/Desarroll/controllers/posts_controller.php, line 33]
2012-05-01 08:57:31 Notice: Notice (8): Undefined property: PostsController::$request in [/var/www/Desarroll/controllers/posts_controller.php, line 31]
2012-05-01 08:57:31 Notice: Notice (8): Undefined property: PostsController::$request in [/var/www/Desarroll/controllers/posts_controller.php, line 31]
2012-05-01 08:59:45 Notice: Notice (8): Undefined property: PostsController::$request in [/var/www/Desarroll/controllers/posts_controller.php, line 32]
2012-05-01 08:59:45 Notice: Notice (8): Undefined property: PostsController::$request in [/var/www/Desarroll/controllers/posts_controller.php, line 32]
2012-05-01 09:03:51 Notice: Notice (8): Undefined property: PostsController::$request in [/var/www/Desarroll/controllers/posts_controller.php, line 32]
2012-05-01 09:03:51 Notice: Notice (8): Undefined property: PostsController::$request in [/var/www/Desarroll/controllers/posts_controller.php, line 32]
2012-05-01 09:09:34 Notice: Notice (8): Undefined property: PostsController::$request in [/var/www/Desarroll/controllers/posts_controller.php, line 32]
2012-05-01 09:09:34 Notice: Notice (8): Trying to get property of non-object in [/var/www/Desarroll/controllers/posts_controller.php, line 32]
2012-05-01 09:09:34 Notice: Notice (8): Undefined property: PostsController::$request in [/var/www/Desarroll/controllers/posts_controller.php, line 32]
2012-05-01 09:09:34 Notice: Notice (8): Trying to get property of non-object in [/var/www/Desarroll/controllers/posts_controller.php, line 32]
2012-05-01 09:10:42 Notice: Notice (8): Undefined property: PostsController::$request in [/var/www/Desarroll/controllers/posts_controller.php, line 32]
2012-05-01 09:10:42 Notice: Notice (8): Trying to get property of non-object in [/var/www/Desarroll/controllers/posts_controller.php, line 32]
2012-05-01 09:10:42 Notice: Notice (8): Undefined property: PostsController::$request in [/var/www/Desarroll/controllers/posts_controller.php, line 32]
2012-05-01 09:10:42 Notice: Notice (8): Trying to get property of non-object in [/var/www/Desarroll/controllers/posts_controller.php, line 32]
2012-05-01 09:15:08 Notice: Notice (8): Undefined property: PostsController::$request in [/var/www/Desarroll/controllers/posts_controller.php, line 31]
2012-05-01 09:15:08 Notice: Notice (8): Undefined property: PostsController::$request in [/var/www/Desarroll/controllers/posts_controller.php, line 31]
2012-05-01 09:17:21 Notice: Notice (8): Undefined property: PostsController::$request in [/var/www/Desarroll/controllers/posts_controller.php, line 31]
2012-05-01 09:17:21 Notice: Notice (8): Undefined property: PostsController::$request in [/var/www/Desarroll/controllers/posts_controller.php, line 31]
2012-05-01 09:25:50 Notice: Notice (8): Undefined property: PostsController::$request in [/var/www/Desarroll/controllers/posts_controller.php, line 33]
2012-05-01 09:25:50 Notice: Notice (8): Trying to get property of non-object in [/var/www/Desarroll/controllers/posts_controller.php, line 33]
2012-05-01 09:25:50 Notice: Notice (8): Undefined property: PostsController::$RequestHandler in [/var/www/Desarroll/controllers/posts_controller.php, line 38]
2012-05-01 09:25:50 Notice: Notice (8): Undefined property: PostsController::$request in [/var/www/Desarroll/controllers/posts_controller.php, line 33]
2012-05-01 09:25:50 Notice: Notice (8): Trying to get property of non-object in [/var/www/Desarroll/controllers/posts_controller.php, line 33]
2012-05-01 09:25:50 Notice: Notice (8): Undefined property: PostsController::$RequestHandler in [/var/www/Desarroll/controllers/posts_controller.php, line 38]
2012-05-01 10:23:28 Notice: Notice (8): Undefined property: PostsController::$request in [/var/www/Desarroll/controllers/posts_controller.php, line 34]
2012-05-01 10:23:28 Notice: Notice (8): Undefined property: PostsController::$request in [/var/www/Desarroll/controllers/posts_controller.php, line 34]
2012-05-01 11:15:38 Notice: Notice (8): Undefined index: input in [/var/www/Desarroll/controllers/posts_controller.php, line 864]
2012-05-01 11:15:38 Notice: Notice (8): Undefined index: input in [/var/www/Desarroll/controllers/posts_controller.php, line 864]
2012-05-01 11:15:53 Notice: Notice (8): Undefined index: input in [/var/www/Desarroll/controllers/posts_controller.php, line 864]
2012-05-01 11:15:53 Notice: Notice (8): Undefined index: input in [/var/www/Desarroll/controllers/posts_controller.php, line 864]
2012-05-01 11:17:16 Notice: Notice (8): Undefined index: input in [/var/www/Desarroll/controllers/posts_controller.php, line 845]
2012-05-01 11:17:16 Notice: Notice (8): Undefined index: input in [/var/www/Desarroll/controllers/posts_controller.php, line 864]
2012-05-01 11:17:16 Notice: Notice (8): Undefined index: input in [/var/www/Desarroll/controllers/posts_controller.php, line 845]
2012-05-01 11:17:16 Notice: Notice (8): Undefined index: input in [/var/www/Desarroll/controllers/posts_controller.php, line 864]
2012-05-01 11:18:04 Notice: Notice (8): Undefined index: $input in [/var/www/Desarroll/controllers/posts_controller.php, line 845]
2012-05-01 11:18:04 Notice: Notice (8): Undefined index: input in [/var/www/Desarroll/controllers/posts_controller.php, line 864]
2012-05-01 11:18:04 Notice: Notice (8): Undefined index: $input in [/var/www/Desarroll/controllers/posts_controller.php, line 845]
2012-05-01 11:18:04 Notice: Notice (8): Undefined index: input in [/var/www/Desarroll/controllers/posts_controller.php, line 864]
2012-05-01 11:23:40 Notice: Notice (8): Undefined index: $input in [/var/www/Desarroll/controllers/posts_controller.php, line 845]
2012-05-01 11:23:40 Notice: Notice (8): Undefined index: input in [/var/www/Desarroll/controllers/posts_controller.php, line 865]
2012-05-01 11:23:40 Notice: Notice (8): Undefined index: $input in [/var/www/Desarroll/controllers/posts_controller.php, line 845]
2012-05-01 11:23:40 Notice: Notice (8): Undefined index: input in [/var/www/Desarroll/controllers/posts_controller.php, line 865]
2012-05-01 12:15:37 Notice: Notice (8): Undefined index: $input in [/var/www/Desarroll/controllers/posts_controller.php, line 845]
2012-05-01 12:15:37 Notice: Notice (8): Undefined index: $input in [/var/www/Desarroll/controllers/posts_controller.php, line 845]
2012-05-01 12:15:51 Notice: Notice (8): Undefined index: $input in [/var/www/Desarroll/controllers/posts_controller.php, line 845]
2012-05-01 12:15:51 Notice: Notice (8): Undefined index: $input in [/var/www/Desarroll/controllers/posts_controller.php, line 845]
2012-05-01 12:16:03 Notice: Notice (8): Undefined index: $input in [/var/www/Desarroll/controllers/posts_controller.php, line 845]
2012-05-01 12:16:03 Notice: Notice (8): Undefined index: $input in [/var/www/Desarroll/controllers/posts_controller.php, line 845]
2012-05-01 12:16:10 Notice: Notice (8): Undefined index: $input in [/var/www/Desarroll/controllers/posts_controller.php, line 845]
2012-05-01 12:16:10 Notice: Notice (8): Undefined index: $input in [/var/www/Desarroll/controllers/posts_controller.php, line 845]
2012-05-01 12:17:14 Notice: Notice (8): Undefined index: $input in [/var/www/Desarroll/controllers/posts_controller.php, line 845]
2012-05-01 12:17:14 Notice: Notice (8): Undefined index: $input in [/var/www/Desarroll/controllers/posts_controller.php, line 845]
2012-05-01 12:19:23 Notice: Notice (8): Undefined variable: xml in [/var/www/Desarroll/controllers/posts_controller.php, line 853]
2012-05-01 12:19:23 Notice: Notice (8): Undefined index: input in [/var/www/Desarroll/controllers/posts_controller.php, line 861]
2012-05-01 12:19:24 Notice: Notice (8): Undefined variable: xml in [/var/www/Desarroll/controllers/posts_controller.php, line 853]
2012-05-01 12:19:24 Notice: Notice (8): Undefined index: input in [/var/www/Desarroll/controllers/posts_controller.php, line 861]
2012-05-01 12:42:50 Notice: Notice (8): Undefined variable: xmlSalida in [/var/www/Desarroll/controllers/posts_controller.php, line 859]
2012-05-01 12:42:50 Notice: Notice (8): Undefined index: input in [/var/www/Desarroll/controllers/posts_controller.php, line 868]
2012-05-01 12:42:50 Notice: Notice (8): Undefined variable: xmlSalida in [/var/www/Desarroll/controllers/posts_controller.php, line 859]
2012-05-01 12:42:50 Notice: Notice (8): Undefined index: input in [/var/www/Desarroll/controllers/posts_controller.php, line 868]
2012-05-01 12:55:43 Notice: Notice (8): Undefined property: PostsController::$request in [/var/www/Desarroll/controllers/posts_controller.php, line 847]
2012-05-01 12:55:43 Notice: Notice (8): Undefined property: PostsController::$request in [/var/www/Desarroll/controllers/posts_controller.php, line 847]
2012-05-01 12:56:54 Notice: Notice (8): Undefined variable: xmlSalida in [/var/www/Desarroll/controllers/posts_controller.php, line 862]
2012-05-01 12:56:54 Notice: Notice (8): Undefined index: input in [/var/www/Desarroll/controllers/posts_controller.php, line 871]
2012-05-01 12:56:54 Notice: Notice (8): Undefined variable: xmlSalida in [/var/www/Desarroll/controllers/posts_controller.php, line 862]
2012-05-01 12:56:54 Notice: Notice (8): Undefined index: input in [/var/www/Desarroll/controllers/posts_controller.php, line 871]
2012-05-01 12:57:33 Notice: Notice (8): Undefined variable: xmlSalida in [/var/www/Desarroll/controllers/posts_controller.php, line 862]
2012-05-01 12:57:33 Notice: Notice (8): Undefined index: input in [/var/www/Desarroll/controllers/posts_controller.php, line 871]
2012-05-01 12:57:33 Notice: Notice (8): Undefined variable: xmlSalida in [/var/www/Desarroll/controllers/posts_controller.php, line 862]
2012-05-01 12:57:33 Notice: Notice (8): Undefined index: input in [/var/www/Desarroll/controllers/posts_controller.php, line 871]
2012-05-01 12:59:17 Notice: Notice (8): Undefined variable: xmlSalida in [/var/www/Desarroll/controllers/posts_controller.php, line 862]
2012-05-01 12:59:17 Notice: Notice (8): Undefined index: input in [/var/www/Desarroll/controllers/posts_controller.php, line 871]
2012-05-01 12:59:17 Notice: Notice (8): Undefined variable: xmlSalida in [/var/www/Desarroll/controllers/posts_controller.php, line 862]
2012-05-01 12:59:17 Notice: Notice (8): Undefined index: input in [/var/www/Desarroll/controllers/posts_controller.php, line 871]
2012-05-01 12:59:22 Notice: Notice (8): Undefined variable: xmlSalida in [/var/www/Desarroll/controllers/posts_controller.php, line 862]
2012-05-01 12:59:22 Notice: Notice (8): Undefined index: input in [/var/www/Desarroll/controllers/posts_controller.php, line 871]
2012-05-01 12:59:22 Notice: Notice (8): Undefined variable: xmlSalida in [/var/www/Desarroll/controllers/posts_controller.php, line 862]
2012-05-01 12:59:22 Notice: Notice (8): Undefined index: input in [/var/www/Desarroll/controllers/posts_controller.php, line 871]
2012-05-01 14:30:53 Notice: Notice (8): Uninitialized string offset: 1 in [/var/www/Desarroll/controllers/posts_controller.php, line 857]
2012-05-01 15:14:18 Notice: Notice (8): Use of undefined constant body - assumed 'body' in [/var/www/Desarroll/controllers/posts_controller.php, line 859]
2012-05-01 15:14:18 Notice: Notice (8): Use of undefined constant body - assumed 'body' in [/var/www/Desarroll/controllers/posts_controller.php, line 859]
2012-05-02 13:52:06 Notice: Notice (8): Undefined offset: 0 in [/var/www/Desarroll/controllers/posts_controller.php, line 854]
2012-05-02 13:52:06 Notice: Notice (8): Undefined index: persona in [/var/www/Desarroll/controllers/posts_controller.php, line 853]
2012-05-02 13:52:06 Notice: Notice (8): Undefined offset: 0 in [/var/www/Desarroll/controllers/posts_controller.php, line 854]
2012-05-02 13:52:37 Notice: Notice (8): Undefined offset: 0 in [/var/www/Desarroll/controllers/posts_controller.php, line 854]
2012-05-02 13:52:37 Notice: Notice (8): Undefined index: persona in [/var/www/Desarroll/controllers/posts_controller.php, line 853]
2012-05-02 13:52:37 Notice: Notice (8): Undefined offset: 0 in [/var/www/Desarroll/controllers/posts_controller.php, line 854]
2012-05-02 13:52:41 Notice: Notice (8): Undefined offset: 0 in [/var/www/Desarroll/controllers/posts_controller.php, line 854]
2012-05-02 13:52:47 Notice: Notice (8): Undefined offset: 0 in [/var/www/Desarroll/controllers/posts_controller.php, line 854]
2012-05-02 13:52:47 Notice: Notice (8): Undefined index: persona in [/var/www/Desarroll/controllers/posts_controller.php, line 853]
2012-05-02 13:52:47 Notice: Notice (8): Undefined offset: 0 in [/var/www/Desarroll/controllers/posts_controller.php, line 854]
2012-05-02 13:53:08 Notice: Notice (8): Undefined offset: 1 in [/var/www/Desarroll/controllers/posts_controller.php, line 854]
2012-05-02 13:53:08 Notice: Notice (8): Undefined index: persona in [/var/www/Desarroll/controllers/posts_controller.php, line 853]
2012-05-02 13:53:08 Notice: Notice (8): Undefined offset: 1 in [/var/www/Desarroll/controllers/posts_controller.php, line 854]
2012-05-02 13:53:27 Notice: Notice (8): Undefined index: persona in [/var/www/Desarroll/controllers/posts_controller.php, line 853]
2012-05-02 13:53:43 Notice: Notice (8): Undefined index: hola in [/var/www/Desarroll/controllers/posts_controller.php, line 853]
2012-05-02 13:53:43 Notice: Notice (8): Undefined index: hola in [/var/www/Desarroll/controllers/posts_controller.php, line 853]
2012-05-02 13:54:28 Notice: Notice (8): Undefined index: persona in [/var/www/Desarroll/controllers/posts_controller.php, line 853]
2012-05-02 13:55:49 Notice: Notice (8): Undefined index: persona in [/var/www/Desarroll/controllers/posts_controller.php, line 853]
2012-05-02 13:55:49 Notice: Notice (8): Undefined index: persona in [/var/www/Desarroll/controllers/posts_controller.php, line 853]
2012-05-02 13:56:12 Notice: Notice (8): Undefined index: persona in [/var/www/Desarroll/controllers/posts_controller.php, line 853]
2012-05-02 13:56:12 Notice: Notice (8): Undefined index: persona in [/var/www/Desarroll/controllers/posts_controller.php, line 853]
2012-05-02 13:56:13 Notice: Notice (8): Undefined index: persona in [/var/www/Desarroll/controllers/posts_controller.php, line 853]
2012-05-02 14:03:22 Notice: Notice (8): Undefined property: Xml::$children in [/usr/share/php/cake/libs/controller/components/request_handler.php, line 253]
2012-05-02 14:03:22 Notice: Notice (8): Undefined variable: obj in [/var/www/Desarroll/controllers/posts_controller.php, line 1942]
2012-05-02 14:03:22 Notice: Notice (8): Undefined variable: obj in [/var/www/Desarroll/controllers/posts_controller.php, line 1945]
2012-05-02 14:14:26 Notice: Notice (8): Undefined property: Xml::$children in [/usr/share/php/cake/libs/controller/components/request_handler.php, line 253]
2012-05-02 14:14:26 Notice: Notice (8): Undefined variable: obj in [/var/www/Desarroll/libs/Cake/Utility/Xml.php, line 292]
2012-05-02 14:14:26 Notice: Notice (8): Undefined variable: obj in [/var/www/Desarroll/libs/Cake/Utility/Xml.php, line 295]
2012-05-02 16:13:25 Notice: Notice (8): Undefined property: Xml::$children in [/usr/share/php/cake/libs/controller/components/request_handler.php, line 253]
2012-05-02 16:13:25 Notice: Notice (8): Undefined variable: obj in [/var/www/Desarroll/libs/Cake/Utility/Xml.php, line 292]
2012-05-02 16:13:25 Notice: Notice (8): Undefined variable: obj in [/var/www/Desarroll/libs/Cake/Utility/Xml.php, line 295]
2012-05-02 16:14:19 Notice: Notice (8): Undefined property: Xml::$children in [/usr/share/php/cake/libs/controller/components/request_handler.php, line 253]
2012-05-02 16:14:19 Notice: Notice (8): Undefined variable: obj in [/var/www/Desarroll/libs/Cake/Utility/Xml.php, line 292]
2012-05-02 16:14:19 Notice: Notice (8): Undefined variable: obj in [/var/www/Desarroll/libs/Cake/Utility/Xml.php, line 295]
2012-05-02 16:20:04 Notice: Notice (8): Undefined index: sesion in [/var/www/Desarroll/controllers/posts_controller.php, line 873]
2012-05-02 16:20:04 Notice: Notice (8): Undefined index: sesion in [/var/www/Desarroll/controllers/posts_controller.php, line 873]
2012-05-02 16:25:00 Notice: Notice (8): Undefined variable: result in [/var/www/Desarroll/controllers/posts_controller.php, line 886]
2012-05-02 16:38:03 Notice: Notice (8): Undefined index: sesion in [/var/www/Desarroll/views/posts/index.ctp, line 7]
2012-05-02 19:54:48 Notice: Notice (8): Undefined property: PostsController::$Form in [/var/www/Desarroll/controllers/posts_controller.php, line 67]
2012-05-02 20:09:52 Notice: Notice (8): Undefined property: PostsController::$Form in [/var/www/Desarroll/controllers/posts_controller.php, line 67]
2012-05-02 21:01:27 Notice: Notice (8): Undefined property: PostsController::$Form in [/var/www/Desarroll/controllers/posts_controller.php, line 67]
2012-05-02 21:01:27 Notice: Notice (8): Undefined property: PostsController::$Form in [/var/www/Desarroll/controllers/posts_controller.php, line 67]
2012-05-02 21:09:04 Notice: Notice (8): Undefined variable: control in [/var/www/Desarroll/controllers/posts_controller.php, line 78]
2012-05-02 21:09:04 Notice: Notice (8): Undefined variable: control in [/var/www/Desarroll/controllers/posts_controller.php, line 78]
2012-05-02 21:10:09 Notice: Notice (8): Undefined variable: control in [/var/www/Desarroll/controllers/posts_controller.php, line 78]
2012-05-02 21:10:09 Notice: Notice (8): Undefined variable: control in [/var/www/Desarroll/controllers/posts_controller.php, line 78]
2012-05-02 21:12:00 Notice: Notice (8): Undefined variable: control in [/var/www/Desarroll/controllers/posts_controller.php, line 78]
2012-05-02 21:12:00 Notice: Notice (8): Undefined variable: control in [/var/www/Desarroll/controllers/posts_controller.php, line 78]
2012-05-02 23:24:32 Notice: Notice (8): Undefined property: Xml::$children in [/usr/share/php/cake/libs/controller/components/request_handler.php, line 253]
2012-05-02 23:24:32 Notice: Notice (8): Undefined variable: obj in [/var/www/Desarroll/libs/Cake/Utility/Xml.php, line 292]
2012-05-02 23:24:32 Notice: Notice (8): Undefined variable: obj in [/var/www/Desarroll/libs/Cake/Utility/Xml.php, line 295]
2012-05-04 10:52:07 Notice: Notice (8): Undefined index: sesion in [/var/www/Desarroll/views/posts/index.ctp, line 7]
2012-05-04 13:28:48 Notice: Notice (8): Undefined property: Xml::$children in [/usr/share/php/cake/libs/controller/components/request_handler.php, line 253]
2012-05-04 13:28:48 Notice: Notice (8): Undefined variable: obj in [/var/www/Desarroll/libs/Cake/Utility/Xml.php, line 292]
2012-05-04 13:28:48 Notice: Notice (8): Undefined variable: obj in [/var/www/Desarroll/libs/Cake/Utility/Xml.php, line 295]
2012-05-04 13:33:57 Notice: Notice (8): Undefined variable: result in [/var/www/Desarroll/controllers/posts_controller.php, line 107]
2012-05-04 13:33:57 Notice: Notice (8): Undefined variable: result in [/var/www/Desarroll/controllers/posts_controller.php, line 107]
2012-05-04 13:41:41 Notice: Notice (8): Undefined index: comentario in [/var/www/Desarroll/controllers/posts_controller.php, line 107]
2012-05-04 13:41:41 Notice: Notice (8): Undefined index: comentario in [/var/www/Desarroll/controllers/posts_controller.php, line 107]
2012-05-04 13:46:35 Notice: Notice (8): Undefined index: comentario in [/var/www/Desarroll/controllers/posts_controller.php, line 107]
2012-05-04 13:46:35 Notice: Notice (8): Undefined index: comentario in [/var/www/Desarroll/controllers/posts_controller.php, line 107]
2012-05-04 13:47:06 Notice: Notice (8): Undefined index: comentario in [/var/www/Desarroll/controllers/posts_controller.php, line 108]
2012-05-04 13:47:07 Notice: Notice (8): Undefined index: comentario in [/var/www/Desarroll/controllers/posts_controller.php, line 108]
2012-05-04 13:48:21 Notice: Notice (8): Undefined index: comentario in [/var/www/Desarroll/controllers/posts_controller.php, line 108]
2012-05-04 14:35:41 Notice: Notice (8): Undefined index: comentario in [/var/www/Desarroll/controllers/mensajes_controller.php, line 108]
2012-05-04 14:35:56 Notice: Notice (8): Undefined index: comentario in [/var/www/Desarroll/controllers/posts_controller.php, line 108]
2012-05-04 14:43:10 Notice: Notice (8): Undefined index: comentario in [/var/www/Desarroll/controllers/posts_controller.php, line 108]
2012-05-04 14:44:04 Notice: Notice (8): Undefined index: comentario in [/var/www/Desarroll/controllers/mensajes_controller.php, line 108]
2012-05-04 14:47:42 Notice: Notice (8): Undefined variable: result in [/var/www/Desarroll/controllers/mensajes_controller.php, line 108]
2012-05-04 14:47:42 Notice: Notice (8): Undefined variable: result in [/var/www/Desarroll/controllers/mensajes_controller.php, line 108]
2012-05-04 14:51:53 Notice: Notice (8): Undefined variable: result in [/var/www/Desarroll/controllers/mensajes_controller.php, line 108]
2012-05-04 15:04:12 Notice: Notice (8): Undefined variable: result in [/var/www/Desarroll/controllers/mensajes_controller.php, line 116]
2012-05-04 15:07:18 Notice: Notice (8): Undefined index: Mensaje in [/var/www/Desarroll/views/posts/index.ctp, line 6]
2012-05-04 15:07:18 Notice: Notice (8): Undefined index: Mensaje in [/var/www/Desarroll/views/posts/index.ctp, line 7]
2012-05-04 15:07:18 Notice: Notice (8): Undefined index: Mensaje in [/var/www/Desarroll/views/posts/index.ctp, line 8]
2012-05-04 15:07:18 Notice: Notice (8): Undefined index: Mensaje in [/var/www/Desarroll/views/posts/index.ctp, line 9]
2012-05-04 15:09:15 Notice: Notice (8): Undefined index: Mensaje in [/var/www/Desarroll/views/posts/index.ctp, line 6]
2012-05-04 15:09:15 Notice: Notice (8): Undefined index: Mensaje in [/var/www/Desarroll/views/posts/index.ctp, line 7]
2012-05-04 15:09:15 Notice: Notice (8): Undefined index: Mensaje in [/var/www/Desarroll/views/posts/index.ctp, line 8]
2012-05-04 15:09:15 Notice: Notice (8): Undefined index: Mensaje in [/var/www/Desarroll/views/posts/index.ctp, line 9]
2012-05-04 16:00:29 Notice: Notice (8): Undefined variable: results in [/var/www/Desarroll/views/geos/index.ctp, line 4]
2012-05-04 16:06:48 Notice: Notice (8): Undefined variable: results in [/var/www/Desarroll/views/geos/index.ctp, line 4]
2012-05-04 16:08:48 Notice: Notice (1024): location object expected, location array not in correct format in [/var/www/Desarroll/plugins/mongodb/models/datasources/mongodb_source.php, line 476]
2012-05-04 17:33:54 Notice: Notice (8): Undefined index: idusuario in [/var/www/Desarroll/controllers/mensajes_controller.php, line 69]
2012-05-04 17:34:24 Notice: Notice (8): Undefined index: idusuario in [/var/www/Desarroll/controllers/mensajes_controller.php, line 69]
2012-05-04 17:35:20 Notice: Notice (8): Undefined index: idusuario in [/var/www/Desarroll/controllers/mensajes_controller.php, line 71]
2012-05-04 17:35:20 Notice: Notice (8): Undefined index: idusuario in [/var/www/Desarroll/controllers/mensajes_controller.php, line 71]
2012-05-04 17:36:08 Notice: Notice (8): Undefined index: idusuario in [/var/www/Desarroll/controllers/mensajes_controller.php, line 71]
2012-05-04 17:36:08 Notice: Notice (8): Undefined index: idusuario in [/var/www/Desarroll/controllers/mensajes_controller.php, line 71]
2012-05-04 17:40:25 Notice: Notice (8): Undefined index: _idmensaje in [/var/www/Desarroll/controllers/mensajes_controller.php, line 77]
2012-05-04 17:40:25 Notice: Notice (8): Undefined index: _idmensaje in [/var/www/Desarroll/controllers/mensajes_controller.php, line 77]
2012-05-05 09:05:55 Notice: Notice (8): Undefined property: MensajesController::$Geo in [/var/www/Desarroll/controllers/mensajes_controller.php, line 104]
2012-05-05 09:56:39 Notice: Notice (8): Undefined index: comentario in [/var/www/Desarroll/controllers/mensajes_controller.php, line 47]
2012-05-05 09:56:39 Notice: Notice (8): Undefined index: respuestas in [/var/www/Desarroll/controllers/mensajes_controller.php, line 50]
2012-05-05 09:56:39 Notice: Notice (8): Undefined index: fecha_creacion in [/var/www/Desarroll/controllers/mensajes_controller.php, line 51]
2012-05-05 09:56:39 Notice: Notice (8): Undefined index: notificacion in [/var/www/Desarroll/controllers/mensajes_controller.php, line 52]
2012-05-05 09:56:39 Notice: Notice (8): Undefined index: listaMensaje in [/var/www/Desarroll/controllers/mensajes_controller.php, line 54]
2012-05-05 09:58:02 Notice: Notice (8): Undefined index: comentario in [/var/www/Desarroll/controllers/mensajes_controller.php, line 47]
2012-05-05 09:58:02 Notice: Notice (8): Undefined index: respuestas in [/var/www/Desarroll/controllers/mensajes_controller.php, line 50]
2012-05-05 09:58:02 Notice: Notice (8): Undefined index: fecha_creacion in [/var/www/Desarroll/controllers/mensajes_controller.php, line 51]
2012-05-05 09:58:02 Notice: Notice (8): Undefined index: notificacion in [/var/www/Desarroll/controllers/mensajes_controller.php, line 52]
2012-05-05 09:58:02 Notice: Notice (8): Undefined index: listaMensaje in [/var/www/Desarroll/controllers/mensajes_controller.php, line 54]
2012-05-05 09:58:02 Notice: Notice (8): Undefined index: comentario in [/var/www/Desarroll/controllers/mensajes_controller.php, line 47]
2012-05-05 09:58:02 Notice: Notice (8): Undefined index: respuestas in [/var/www/Desarroll/controllers/mensajes_controller.php, line 50]
2012-05-05 09:58:02 Notice: Notice (8): Undefined index: fecha_creacion in [/var/www/Desarroll/controllers/mensajes_controller.php, line 51]
2012-05-05 09:58:02 Notice: Notice (8): Undefined index: notificacion in [/var/www/Desarroll/controllers/mensajes_controller.php, line 52]
2012-05-05 09:58:02 Notice: Notice (8): Undefined index: listaMensaje in [/var/www/Desarroll/controllers/mensajes_controller.php, line 54]
2012-05-05 09:58:37 Notice: Notice (8): Undefined index: comentario in [/var/www/Desarroll/controllers/mensajes_controller.php, line 70]
2012-05-05 09:58:37 Notice: Notice (8): Undefined index: respuestas in [/var/www/Desarroll/controllers/mensajes_controller.php, line 73]
2012-05-05 09:58:37 Notice: Notice (8): Undefined index: fecha_creacion in [/var/www/Desarroll/controllers/mensajes_controller.php, line 74]
2012-05-05 09:58:37 Notice: Notice (8): Undefined index: notificacion in [/var/www/Desarroll/controllers/mensajes_controller.php, line 75]
2012-05-05 09:58:37 Notice: Notice (8): Undefined index: listaMensaje in [/var/www/Desarroll/controllers/mensajes_controller.php, line 77]
2012-05-05 09:58:37 Notice: Notice (8): Undefined index: comentario in [/var/www/Desarroll/controllers/mensajes_controller.php, line 70]
2012-05-05 09:58:37 Notice: Notice (8): Undefined index: respuestas in [/var/www/Desarroll/controllers/mensajes_controller.php, line 73]
2012-05-05 09:58:37 Notice: Notice (8): Undefined index: fecha_creacion in [/var/www/Desarroll/controllers/mensajes_controller.php, line 74]
2012-05-05 09:58:37 Notice: Notice (8): Undefined index: notificacion in [/var/www/Desarroll/controllers/mensajes_controller.php, line 75]
2012-05-05 09:58:37 Notice: Notice (8): Undefined index: listaMensaje in [/var/www/Desarroll/controllers/mensajes_controller.php, line 77]
2012-05-05 09:59:44 Notice: Notice (8): Undefined index: comentario in [/var/www/Desarroll/controllers/mensajes_controller.php, line 70]
2012-05-05 09:59:44 Notice: Notice (8): Undefined index: respuestas in [/var/www/Desarroll/controllers/mensajes_controller.php, line 73]
2012-05-05 09:59:44 Notice: Notice (8): Undefined index: fecha_creacion in [/var/www/Desarroll/controllers/mensajes_controller.php, line 74]
2012-05-05 09:59:44 Notice: Notice (8): Undefined index: notificacion in [/var/www/Desarroll/controllers/mensajes_controller.php, line 75]
2012-05-05 09:59:44 Notice: Notice (8): Undefined index: listaMensaje in [/var/www/Desarroll/controllers/mensajes_controller.php, line 77]
2012-05-05 09:59:45 Notice: Notice (8): Undefined index: comentario in [/var/www/Desarroll/controllers/mensajes_controller.php, line 70]
2012-05-05 09:59:45 Notice: Notice (8): Undefined index: respuestas in [/var/www/Desarroll/controllers/mensajes_controller.php, line 73]
2012-05-05 09:59:45 Notice: Notice (8): Undefined index: fecha_creacion in [/var/www/Desarroll/controllers/mensajes_controller.php, line 74]
2012-05-05 09:59:45 Notice: Notice (8): Undefined index: notificacion in [/var/www/Desarroll/controllers/mensajes_controller.php, line 75]
2012-05-05 09:59:45 Notice: Notice (8): Undefined index: listaMensaje in [/var/www/Desarroll/controllers/mensajes_controller.php, line 77]
2012-05-05 14:12:46 Notice: Notice (8): Undefined property: UsuariosController::$Mensaje in [/var/www/Desarroll/controllers/usuarios_controller.php, line 60]
2012-05-05 14:15:47 Notice: Notice (8): Undefined property: UsuariosController::$Mensaje in [/var/www/Desarroll/controllers/usuarios_controller.php, line 56]
2012-05-05 14:15:48 Notice: Notice (8): Undefined property: UsuariosController::$Mensaje in [/var/www/Desarroll/controllers/usuarios_controller.php, line 56]
2012-05-05 14:32:10 Notice: Notice (8): Undefined variable: xml_array in [/var/www/Desarroll/controllers/usuarios_controller.php, line 43]
2012-05-05 14:32:10 Notice: Notice (8): Undefined variable: xml_array in [/var/www/Desarroll/controllers/usuarios_controller.php, line 43]
2012-05-05 14:33:04 Notice: Notice (8): Undefined variable: xml_array in [/var/www/Desarroll/controllers/usuarios_controller.php, line 38]
2012-05-05 14:33:05 Notice: Notice (8): Undefined variable: xml_array in [/var/www/Desarroll/controllers/usuarios_controller.php, line 38]
2012-05-05 14:34:10 Notice: Notice (8): Undefined variable: xml_array in [/var/www/Desarroll/controllers/usuarios_controller.php, line 38]
2012-05-05 14:34:10 Notice: Notice (8): Undefined variable: xml_array in [/var/www/Desarroll/controllers/usuarios_controller.php, line 38]
2012-05-05 14:34:59 Notice: Notice (8): Undefined variable: xml_array in [/var/www/Desarroll/controllers/usuarios_controller.php, line 38]
2012-05-05 14:35:00 Notice: Notice (8): Undefined variable: xml_array in [/var/www/Desarroll/controllers/usuarios_controller.php, line 38]
2012-05-05 14:40:50 Notice: Notice (8): Undefined variable: xml_array in [/var/www/Desarroll/controllers/usuarios_controller.php, line 38]
2012-05-05 14:40:51 Notice: Notice (8): Undefined variable: xml_array in [/var/www/Desarroll/controllers/usuarios_controller.php, line 38]
2012-05-05 14:42:22 Notice: Notice (8): Undefined variable: xml_array in [/var/www/Desarroll/controllers/usuarios_controller.php, line 38]
2012-05-05 14:53:46 Notice: Notice (8): Undefined variable: xml_array in [/var/www/Desarroll/controllers/usuarios_controller.php, line 43]
2012-05-05 14:53:46 Notice: Notice (8): Undefined variable: xml_array in [/var/www/Desarroll/controllers/usuarios_controller.php, line 43]
2012-05-05 14:56:06 Notice: Notice (8): Undefined variable: xml_array in [/var/www/Desarroll/controllers/usuarios_controller.php, line 43]
2012-05-05 14:56:07 Notice: Notice (8): Undefined variable: xml_array in [/var/www/Desarroll/controllers/usuarios_controller.php, line 43]
2012-05-05 14:56:44 Notice: Notice (8): Undefined variable: xml_array in [/var/www/Desarroll/controllers/usuarios_controller.php, line 79]
2012-05-05 14:56:44 Notice: Notice (8): Undefined variable: xml_array in [/var/www/Desarroll/controllers/usuarios_controller.php, line 79]
2012-05-05 14:57:00 Notice: Notice (8): Undefined variable: xml_array in [/var/www/Desarroll/controllers/usuarios_controller.php, line 79]
2012-05-05 14:57:00 Notice: Notice (8): Undefined variable: xml_array in [/var/www/Desarroll/controllers/usuarios_controller.php, line 79]
2012-05-05 14:58:33 Notice: Notice (8): Undefined variable: xml_array in [/var/www/Desarroll/controllers/usuarios_controller.php, line 79]
2012-05-05 14:58:33 Notice: Notice (8): Undefined variable: xml_array in [/var/www/Desarroll/controllers/usuarios_controller.php, line 79]
2012-05-05 15:38:25 Notice: Notice (8): Uninitialized string offset: 0 in [/var/www/Desarroll/controllers/usuarios_controller.php, line 69]
2012-05-05 15:38:46 Notice: Notice (8): Uninitialized string offset: 0 in [/var/www/Desarroll/controllers/usuarios_controller.php, line 69]
2012-05-05 16:59:27 Notice: Notice (8): Use of undefined constant php_I - assumed 'php_I' in [/var/www/Desarroll/controllers/usuarios_controller.php, line 75]
2012-05-05 17:00:14 Notice: Notice (8): Use of undefined constant php_EOF - assumed 'php_EOF' in [/var/www/Desarroll/controllers/usuarios_controller.php, line 75]
2012-05-05 17:00:14 Notice: Notice (8): Use of undefined constant php_EOF - assumed 'php_EOF' in [/var/www/Desarroll/controllers/usuarios_controller.php, line 81]
2012-05-05 17:00:14 Notice: Notice (8): Use of undefined constant php_EOF - assumed 'php_EOF' in [/var/www/Desarroll/controllers/usuarios_controller.php, line 75]
2012-05-05 17:00:14 Notice: Notice (8): Use of undefined constant php_EOF - assumed 'php_EOF' in [/var/www/Desarroll/controllers/usuarios_controller.php, line 81]
2012-05-05 18:14:14 Notice: Notice (8): Uninitialized string offset: 0 in [/var/www/Desarroll/controllers/usuarios_controller.php, line 34]
2012-05-05 18:15:11 Notice: Notice (8): Uninitialized string offset: 0 in [/var/www/Desarroll/controllers/usuarios_controller.php, line 34]
2012-05-05 21:49:24 Notice: Notice (1024): XML cannot be read in [/usr/share/php/cake/libs/xml.php, line 916]
2012-05-05 21:49:24 Notice: Notice (8): Undefined index: Usuario in [/var/www/Desarroll/controllers/usuarios_controller.php, line 45]
2012-05-05 21:49:24 Notice: Notice (1024): XML cannot be read in [/usr/share/php/cake/libs/xml.php, line 916]
2012-05-05 21:49:24 Notice: Notice (8): Undefined index: Usuario in [/var/www/Desarroll/controllers/usuarios_controller.php, line 45]
2012-05-05 21:50:08 Notice: Notice (1024): XML cannot be read in [/usr/share/php/cake/libs/xml.php, line 916]
2012-05-05 21:50:08 Notice: Notice (8): Undefined index: Usuario in [/var/www/Desarroll/controllers/usuarios_controller.php, line 45]
2012-05-05 21:50:08 Notice: Notice (1024): XML cannot be read in [/usr/share/php/cake/libs/xml.php, line 916]
2012-05-05 21:50:08 Notice: Notice (8): Undefined index: Usuario in [/var/www/Desarroll/controllers/usuarios_controller.php, line 45]
2012-05-05 21:50:17 Notice: Notice (1024): XML cannot be read in [/usr/share/php/cake/libs/xml.php, line 916]
2012-05-05 21:50:17 Notice: Notice (8): Undefined index: Usuario in [/var/www/Desarroll/controllers/usuarios_controller.php, line 45]
2012-05-05 21:50:17 Notice: Notice (1024): XML cannot be read in [/usr/share/php/cake/libs/xml.php, line 916]
2012-05-05 21:50:17 Notice: Notice (8): Undefined index: Usuario in [/var/www/Desarroll/controllers/usuarios_controller.php, line 45]
2012-05-05 21:50:18 Notice: Notice (1024): XML cannot be read in [/usr/share/php/cake/libs/xml.php, line 916]
2012-05-05 21:50:18 Notice: Notice (8): Undefined index: Usuario in [/var/www/Desarroll/controllers/usuarios_controller.php, line 45]
2012-05-05 21:50:19 Notice: Notice (1024): XML cannot be read in [/usr/share/php/cake/libs/xml.php, line 916]
2012-05-05 21:50:19 Notice: Notice (8): Undefined index: Usuario in [/var/www/Desarroll/controllers/usuarios_controller.php, line 45]
2012-05-06 08:09:26 Notice: Notice (8): Use of undefined constant EOL - assumed 'EOL' in [/var/www/Desarroll/controllers/usuarios_controller.php, line 35]
2012-05-06 08:09:26 Notice: Notice (8): Use of undefined constant EOL - assumed 'EOL' in [/var/www/Desarroll/controllers/usuarios_controller.php, line 35]
2012-05-06 09:14:59 Notice: Notice (8): Undefined index: Usuario in [/var/www/Desarroll/controllers/usuarios_controller.php, line 66]
2012-05-06 09:14:59 Notice: Notice (8): Undefined index: Usuario in [/var/www/Desarroll/controllers/usuarios_controller.php, line 110]
2012-05-06 09:16:16 Notice: Notice (8): Undefined index: Usuario in [/var/www/Desarroll/controllers/usuarios_controller.php, line 66]
2012-05-06 09:16:16 Notice: Notice (8): Undefined index: Usuario in [/var/www/Desarroll/controllers/usuarios_controller.php, line 110]
2012-05-06 09:17:22 Notice: Notice (8): Undefined index: Usuario in [/var/www/Desarroll/controllers/usuarios_controller.php, line 66]
2012-05-06 09:17:53 Notice: Notice (8): Undefined index: Usuario in [/var/www/Desarroll/controllers/usuarios_controller.php, line 66]
2012-05-06 09:17:53 Notice: Notice (8): Undefined index: Usuario in [/var/www/Desarroll/controllers/usuarios_controller.php, line 110]
2012-05-06 09:17:53 Notice: Notice (8): Undefined index: Usuario in [/var/www/Desarroll/controllers/usuarios_controller.php, line 111]
2012-05-06 09:18:38 Notice: Notice (8): Undefined index: Usuario in [/var/www/Desarroll/controllers/usuarios_controller.php, line 66]
2012-05-06 09:41:41 Notice: Notice (8): Undefined property: UsuariosController::$Mensaje in [/var/www/Desarroll/controllers/usuarios_controller.php, line 102]
2012-05-06 09:54:16 Notice: Notice (8): Undefined index: Mensaje in [/var/www/Desarroll/controllers/usuarios_controller.php, line 113]
2012-05-06 09:54:16 Notice: Notice (8): Trying to get property of non-object in [/var/www/Desarroll/controllers/usuarios_controller.php, line 113]
2012-05-06 09:54:16 Notice: Notice (8): Undefined index: Mensaje in [/var/www/Desarroll/controllers/usuarios_controller.php, line 123]
2012-05-06 09:54:16 Notice: Notice (8): Trying to get property of non-object in [/var/www/Desarroll/controllers/usuarios_controller.php, line 123]
2012-05-06 09:54:35 Notice: Notice (8): Undefined index: Mensaje in [/var/www/Desarroll/controllers/usuarios_controller.php, line 113]
2012-05-06 09:54:35 Notice: Notice (8): Trying to get property of non-object in [/var/www/Desarroll/controllers/usuarios_controller.php, line 113]
2012-05-06 09:54:35 Notice: Notice (8): Undefined index: Mensaje in [/var/www/Desarroll/controllers/usuarios_controller.php, line 123]
2012-05-06 09:54:35 Notice: Notice (8): Trying to get property of non-object in [/var/www/Desarroll/controllers/usuarios_controller.php, line 123]
2012-05-06 09:54:36 Notice: Notice (8): Undefined index: Mensaje in [/var/www/Desarroll/controllers/usuarios_controller.php, line 113]
2012-05-06 09:54:36 Notice: Notice (8): Trying to get property of non-object in [/var/www/Desarroll/controllers/usuarios_controller.php, line 113]
2012-05-06 09:54:36 Notice: Notice (8): Undefined index: Mensaje in [/var/www/Desarroll/controllers/usuarios_controller.php, line 123]
2012-05-06 09:54:36 Notice: Notice (8): Trying to get property of non-object in [/var/www/Desarroll/controllers/usuarios_controller.php, line 123]
2012-05-06 09:54:37 Notice: Notice (8): Undefined index: Mensaje in [/var/www/Desarroll/controllers/usuarios_controller.php, line 113]
2012-05-06 09:54:37 Notice: Notice (8): Trying to get property of non-object in [/var/www/Desarroll/controllers/usuarios_controller.php, line 113]
2012-05-06 09:54:37 Notice: Notice (8): Undefined index: Mensaje in [/var/www/Desarroll/controllers/usuarios_controller.php, line 123]
2012-05-06 09:54:37 Notice: Notice (8): Trying to get property of non-object in [/var/www/Desarroll/controllers/usuarios_controller.php, line 123]
2012-05-06 09:57:09 Notice: Notice (8): Undefined index: Mensaje in [/var/www/Desarroll/controllers/usuarios_controller.php, line 113]
2012-05-06 09:57:09 Notice: Notice (8): Trying to get property of non-object in [/var/www/Desarroll/controllers/usuarios_controller.php, line 113]
2012-05-06 09:57:09 Notice: Notice (8): Undefined index: Mensaje in [/var/www/Desarroll/controllers/usuarios_controller.php, line 123]
2012-05-06 09:57:09 Notice: Notice (8): Trying to get property of non-object in [/var/www/Desarroll/controllers/usuarios_controller.php, line 123]
2012-05-06 09:57:25 Notice: Notice (8): Undefined index: Mensaje in [/var/www/Desarroll/controllers/usuarios_controller.php, line 113]
2012-05-06 09:57:25 Notice: Notice (8): Trying to get property of non-object in [/var/www/Desarroll/controllers/usuarios_controller.php, line 113]
2012-05-06 09:57:25 Notice: Notice (8): Undefined index: Mensaje in [/var/www/Desarroll/controllers/usuarios_controller.php, line 123]
2012-05-06 09:57:25 Notice: Notice (8): Trying to get property of non-object in [/var/www/Desarroll/controllers/usuarios_controller.php, line 123]
2012-05-06 09:58:08 Notice: Notice (8): Undefined index: Mensaje in [/var/www/Desarroll/controllers/usuarios_controller.php, line 123]
2012-05-06 09:58:08 Notice: Notice (8): Trying to get property of non-object in [/var/www/Desarroll/controllers/usuarios_controller.php, line 123]
2012-05-06 09:58:15 Notice: Notice (8): Undefined index: Mensaje in [/var/www/Desarroll/controllers/usuarios_controller.php, line 123]
2012-05-06 09:58:15 Notice: Notice (8): Trying to get property of non-object in [/var/www/Desarroll/controllers/usuarios_controller.php, line 123]
2012-05-06 09:58:22 Notice: Notice (8): Undefined index: Mensaje in [/var/www/Desarroll/controllers/usuarios_controller.php, line 123]
2012-05-06 09:58:22 Notice: Notice (8): Trying to get property of non-object in [/var/www/Desarroll/controllers/usuarios_controller.php, line 123]
2012-05-06 09:58:30 Notice: Notice (8): Undefined index: Mensaje in [/var/www/Desarroll/controllers/usuarios_controller.php, line 113]
2012-05-06 09:58:30 Notice: Notice (8): Trying to get property of non-object in [/var/www/Desarroll/controllers/usuarios_controller.php, line 113]
2012-05-06 09:58:30 Notice: Notice (8): Undefined index: Mensaje in [/var/www/Desarroll/controllers/usuarios_controller.php, line 123]
2012-05-06 09:58:30 Notice: Notice (8): Trying to get property of non-object in [/var/www/Desarroll/controllers/usuarios_controller.php, line 123]
2012-05-06 09:58:43 Notice: Notice (8): Undefined index: Mensaje in [/var/www/Desarroll/controllers/usuarios_controller.php, line 123]
2012-05-06 09:58:43 Notice: Notice (8): Trying to get property of non-object in [/var/www/Desarroll/controllers/usuarios_controller.php, line 123]
2012-05-06 09:58:46 Notice: Notice (8): Undefined index: Mensaje in [/var/www/Desarroll/controllers/usuarios_controller.php, line 123]
2012-05-06 09:58:46 Notice: Notice (8): Trying to get property of non-object in [/var/www/Desarroll/controllers/usuarios_controller.php, line 123]
2012-05-06 09:59:58 Notice: Notice (8): Undefined index: Mensaje in [/var/www/Desarroll/controllers/usuarios_controller.php, line 123]
2012-05-06 09:59:58 Notice: Notice (8): Trying to get property of non-object in [/var/www/Desarroll/controllers/usuarios_controller.php, line 123]
2012-05-06 10:01:37 Notice: Notice (8): Undefined index: Mensaje in [/var/www/Desarroll/controllers/usuarios_controller.php, line 123]
2012-05-06 10:01:37 Notice: Notice (8): Trying to get property of non-object in [/var/www/Desarroll/controllers/usuarios_controller.php, line 123]
2012-05-06 10:01:37 Notice: Notice (8): Undefined index: Mensaje in [/var/www/Desarroll/controllers/usuarios_controller.php, line 123]
2012-05-06 10:01:37 Notice: Notice (8): Trying to get property of non-object in [/var/www/Desarroll/controllers/usuarios_controller.php, line 123]
2012-05-06 10:01:39 Notice: Notice (8): Undefined index: Mensaje in [/var/www/Desarroll/controllers/usuarios_controller.php, line 123]
2012-05-06 10:01:39 Notice: Notice (8): Trying to get property of non-object in [/var/www/Desarroll/controllers/usuarios_controller.php, line 123]
2012-05-06 10:01:39 Notice: Notice (8): Undefined index: Mensaje in [/var/www/Desarroll/controllers/usuarios_controller.php, line 123]
2012-05-06 10:01:39 Notice: Notice (8): Trying to get property of non-object in [/var/www/Desarroll/controllers/usuarios_controller.php, line 123]
2012-05-06 10:02:13 Notice: Notice (8): Undefined index: Mensaje in [/var/www/Desarroll/controllers/usuarios_controller.php, line 123]
2012-05-06 10:02:13 Notice: Notice (8): Trying to get property of non-object in [/var/www/Desarroll/controllers/usuarios_controller.php, line 123]
2012-05-06 10:02:13 Notice: Notice (8): Undefined index: Mensaje in [/var/www/Desarroll/controllers/usuarios_controller.php, line 123]
2012-05-06 10:02:13 Notice: Notice (8): Trying to get property of non-object in [/var/www/Desarroll/controllers/usuarios_controller.php, line 123]
2012-05-06 10:02:28 Notice: Notice (8): Undefined index: Mensaje in [/var/www/Desarroll/controllers/usuarios_controller.php, line 123]
2012-05-06 10:02:28 Notice: Notice (8): Trying to get property of non-object in [/var/www/Desarroll/controllers/usuarios_controller.php, line 123]
2012-05-06 10:02:31 Notice: Notice (8): Undefined index: Mensaje in [/var/www/Desarroll/controllers/usuarios_controller.php, line 123]
2012-05-06 10:02:31 Notice: Notice (8): Trying to get property of non-object in [/var/www/Desarroll/controllers/usuarios_controller.php, line 123]
2012-05-06 10:02:33 Notice: Notice (8): Undefined index: Mensaje in [/var/www/Desarroll/controllers/usuarios_controller.php, line 123]
2012-05-06 10:02:33 Notice: Notice (8): Trying to get property of non-object in [/var/www/Desarroll/controllers/usuarios_controller.php, line 123]
2012-05-06 10:02:34 Notice: Notice (8): Undefined index: Mensaje in [/var/www/Desarroll/controllers/usuarios_controller.php, line 123]
2012-05-06 10:02:34 Notice: Notice (8): Trying to get property of non-object in [/var/www/Desarroll/controllers/usuarios_controller.php, line 123]
2012-05-06 10:02:34 Notice: Notice (8): Undefined index: Mensaje in [/var/www/Desarroll/controllers/usuarios_controller.php, line 123]
2012-05-06 10:02:34 Notice: Notice (8): Trying to get property of non-object in [/var/www/Desarroll/controllers/usuarios_controller.php, line 123]
2012-05-06 10:04:22 Notice: Notice (8): Undefined index: Mensaje in [/var/www/Desarroll/controllers/usuarios_controller.php, line 123]
2012-05-06 10:04:22 Notice: Notice (8): Trying to get property of non-object in [/var/www/Desarroll/controllers/usuarios_controller.php, line 123]
2012-05-06 10:04:35 Notice: Notice (8): Undefined index: Mensaje in [/var/www/Desarroll/controllers/usuarios_controller.php, line 123]
2012-05-06 10:04:35 Notice: Notice (8): Trying to get property of non-object in [/var/www/Desarroll/controllers/usuarios_controller.php, line 123]
2012-05-06 10:27:05 Notice: Notice (8): Undefined index: listaMensaje in [/var/www/Desarroll/controllers/mensajes_controller.php, line 147]
2012-05-06 10:27:30 Notice: Notice (8): Undefined variable: tags in [/var/www/Desarroll/controllers/mensajes_controller.php, line 36]
2012-05-06 10:27:30 Notice: Notice (8): Undefined variable: xml in [/var/www/Desarroll/controllers/mensajes_controller.php, line 78]
2012-05-06 10:28:27 Notice: Notice (8): Undefined variable: xml in [/var/www/Desarroll/controllers/mensajes_controller.php, line 78]
2012-05-06 10:28:49 Notice: Notice (8): Undefined variable: xml in [/var/www/Desarroll/controllers/mensajes_controller.php, line 78]
2012-05-06 10:28:50 Notice: Notice (8): Undefined variable: xml in [/var/www/Desarroll/controllers/mensajes_controller.php, line 78]
2012-05-06 10:29:42 Notice: Notice (8): Undefined variable: xml in [/var/www/Desarroll/controllers/mensajes_controller.php, line 78]
2012-05-06 10:29:45 Notice: Notice (8): Undefined variable: xml in [/var/www/Desarroll/controllers/mensajes_controller.php, line 78]
2012-05-06 10:29:47 Notice: Notice (8): Undefined variable: xml in [/var/www/Desarroll/controllers/mensajes_controller.php, line 78]
2012-05-06 10:29:49 Notice: Notice (8): Undefined variable: xml in [/var/www/Desarroll/controllers/mensajes_controller.php, line 78]
2012-05-06 10:30:11 Notice: Notice (8): Undefined variable: xml in [/var/www/Desarroll/controllers/mensajes_controller.php, line 78]
2012-05-06 10:34:11 Notice: Notice (8): Undefined variable: tags in [/var/www/Desarroll/controllers/mensajes_controller.php, line 36]
2012-05-06 10:34:11 Notice: Notice (8): Undefined variable: tags in [/var/www/Desarroll/controllers/mensajes_controller.php, line 39]
2012-05-06 11:41:03 Notice: Notice (8): Undefined variable: result in [/var/www/Desarroll/controllers/mensajes_controller.php, line 85]
2012-05-06 11:48:05 Notice: Notice (8): Undefined variable: result in [/var/www/Desarroll/controllers/mensajes_controller.php, line 85]
2012-05-06 12:24:07 Notice: Notice (8): Undefined index: fecha_creacion in [/var/www/Desarroll/controllers/mensajes_controller.php, line 87]
2012-05-06 12:24:07 Notice: Notice (8): Trying to get property of non-object in [/var/www/Desarroll/controllers/mensajes_controller.php, line 87]
2012-05-06 12:46:55 Notice: Notice (8): Undefined index: nombre in [/var/www/Desarroll/controllers/mensajes_controller.php, line 86]
2012-05-06 13:31:24 Notice: Notice (8): Undefined index: tags in [/var/www/Desarroll/controllers/mensajes_controller.php, line 72]
2012-05-06 13:31:41 Notice: Notice (8): Undefined index: tags in [/var/www/Desarroll/controllers/mensajes_controller.php, line 72]
2012-05-06 13:49:09 Notice: Notice (8): Undefined index: tags in [/var/www/Desarroll/controllers/mensajes_controller.php, line 72]
